<?xml version="1.0" encoding="UTF-8"?>
<testng-results ignored="0" total="1" passed="1" failed="0" skipped="0">
  <reporter-output>
  </reporter-output>
  <suite started-at="2024-02-04T21:39:48 IST" name="Default suite" finished-at="2024-02-04T21:40:06 IST" duration-ms="18283">
    <groups>
    </groups>
    <test started-at="2024-02-04T21:39:48 IST" name="Default test" finished-at="2024-02-04T21:40:06 IST" duration-ms="18283">
      <class name="Test.loginTestng">
        <test-method signature="verifyLogin()[pri:0, instance:Test.loginTestng@229c6181]" started-at="2024-02-04T21:39:48 IST" name="verifyLogin" finished-at="2024-02-04T21:40:06 IST" duration-ms="18193" status="PASS">
          <reporter-output>
          </reporter-output>
        </test-method> <!-- verifyLogin -->
      </class> <!-- Test.loginTestng -->
    </test> <!-- Default test -->
  </suite> <!-- Default suite -->
</testng-results>
